<?xml version="1.0" encoding="UTF-8"?>
<testng-results skipped="0" failed="0" total="1" passed="1">
  <reporter-output>
  </reporter-output>
  <suite name="Default suite" duration-ms="19533" started-at="2016-02-16T21:21:33Z" finished-at="2016-02-16T21:21:53Z">
    <groups>
    </groups>
    <test name="Default test" duration-ms="19533" started-at="2016-02-16T21:21:33Z" finished-at="2016-02-16T21:21:53Z">
      <class name="Test_PeopleYouMayKnowPage">
        <test-method status="PASS" signature="openBrowser()[pri:0, instance:Test_PeopleYouMayKnowPage@10636b0]" name="openBrowser" is-config="true" duration-ms="7049" started-at="2016-02-16T16:21:33Z" finished-at="2016-02-16T16:21:40Z">
          <reporter-output>
          </reporter-output>
        </test-method> <!-- openBrowser -->
        <test-method status="PASS" signature="POS_Test_PeopleYouMayKnowPage()[pri:0, instance:Test_PeopleYouMayKnowPage@10636b0]" name="POS_Test_PeopleYouMayKnowPage" duration-ms="4258" started-at="2016-02-16T16:21:40Z" finished-at="2016-02-16T16:21:45Z">
          <reporter-output>
          </reporter-output>
        </test-method> <!-- POS_Test_PeopleYouMayKnowPage -->
        <test-method status="PASS" signature="displayCounter(org.testng.ITestResult)[pri:0, instance:Test_PeopleYouMayKnowPage@10636b0]" name="displayCounter" is-config="true" duration-ms="2" started-at="2016-02-16T16:21:45Z" finished-at="2016-02-16T16:21:45Z">
          <params>
            <param index="0">
              <value>
                <![CDATA[[TestResult name=POS_Test_PeopleYouMayKnowPage status=SUCCESS method=Test_PeopleYouMayKnowPage.POS_Test_PeopleYouMayKnowPage()[pri:0, instance:Test_PeopleYouMayKnowPage@10636b0] output={null}]]]>
              </value>
            </param>
          </params>
          <reporter-output>
          </reporter-output>
        </test-method> <!-- displayCounter -->
        <test-method status="PASS" signature="closeBrowser()[pri:0, instance:Test_PeopleYouMayKnowPage@10636b0]" name="closeBrowser" is-config="true" duration-ms="8209" started-at="2016-02-16T16:21:45Z" finished-at="2016-02-16T16:21:53Z">
          <reporter-output>
          </reporter-output>
        </test-method> <!-- closeBrowser -->
      </class> <!-- Test_PeopleYouMayKnowPage -->
    </test> <!-- Default test -->
  </suite> <!-- Default suite -->
</testng-results>
