<?xml version="1.0" encoding="UTF-8"?>
<!-- Generated by org.testng.reporters.JUnitXMLReporter -->
<testsuite hostname="YUL119014N07" tests="6" failures="0" timestamp="18 Feb 2016 19:52:21 GMT" time="55.585" errors="0">
  <testcase name="POS_Test_SelectCompanies" time="6.461" classname="Test_InterestsPage"/>
  <testcase name="POS_Test_SelectGroups" time="3.989" classname="Test_InterestsPage"/>
  <testcase name="POS_Test_SelectPulse" time="3.787" classname="Test_InterestsPage"/>
  <testcase name="POS_Test_SelectEducation" time="3.989" classname="Test_InterestsPage"/>
  <testcase name="POS_Test_SelectSlideShare" time="3.593" classname="Test_InterestsPage"/>
  <testcase name="POS_Test_SelectOnlineLearning" time="4.864" classname="Test_InterestsPage"/>
</testsuite>
