<?xml version="1.0" encoding="UTF-8"?>
<!-- Generated by org.testng.reporters.JUnitXMLReporter -->
<testsuite hostname="YUL119014N07" tests="4" failures="0" timestamp="17 Feb 2016 18:23:03 GMT" time="38.372" errors="0">
  <testcase name="POS_Test_SelectConnections" time="3.774" classname="Test_MyNetworksPage"/>
  <testcase name="POS_Test_SelectAddContacts" time="3.988" classname="Test_MyNetworksPage"/>
  <testcase name="POS_Test_SelectPeopleYouKnow" time="2.991" classname="Test_MyNetworksPage"/>
  <testcase name="POS_Test_SelectFindAlumni" time="3.58" classname="Test_MyNetworksPage"/>
</testsuite>
